1657262238119	geckodriver	INFO	Listening on 127.0.0.1:61466
1657262241173	mozrunner::runner	INFO	Running command: "C:\\Program Files\\Mozilla Firefox\\firefox.exe" "--marionette" "--remote-debugging-port" "61467" "--remote-allow-hosts" "localhost" "-no-remote" "-profile" "C:\\Users\\pelay\\AppData\\Local\\Temp\\rust_mozprofilenrGP6j"
1657262241858	Marionette	INFO	Marionette enabled
1657262241865	Marionette	INFO	Listening on port 61481
Read port: 61481
WebDriver BiDi listening on ws://localhost:61467
1657262242028	RemoteAgent	WARN	TLS certificate errors will be ignored for this session
console.warn: SearchSettings: "get: No settings file exists, new profile?" (new NotFoundError("Could not open the file at C:\\Users\\pelay\\AppData\\Local\\Temp\\rust_mozprofilenrGP6j\\search.json.mozlz4", (void 0)))
DevTools listening on ws://localhost:61467/devtools/browser/32aeb06c-a6df-44ad-a297-f393dc40268a
1657262247685	Marionette	INFO	Stopped listening on port 61481
1657262288156	geckodriver	INFO	Listening on 127.0.0.1:61555
1657262291181	mozrunner::runner	INFO	Running command: "C:\\Program Files\\Mozilla Firefox\\firefox.exe" "--marionette" "--remote-debugging-port" "61556" "--remote-allow-hosts" "localhost" "-no-remote" "-profile" "C:\\Users\\pelay\\AppData\\Local\\Temp\\rust_mozprofile6eY4ND"
1657262291895	Marionette	INFO	Marionette enabled
1657262291904	Marionette	INFO	Listening on port 61571
WebDriver BiDi listening on ws://localhost:61556
Read port: 61571
1657262292107	RemoteAgent	WARN	TLS certificate errors will be ignored for this session
console.warn: SearchSettings: "get: No settings file exists, new profile?" (new NotFoundError("Could not open the file at C:\\Users\\pelay\\AppData\\Local\\Temp\\rust_mozprofile6eY4ND\\search.json.mozlz4", (void 0)))
DevTools listening on ws://localhost:61556/devtools/browser/e563d4f3-8369-4c15-b3e1-e643a62a5178
JavaScript error: , line 0: NS_ERROR_NOT_AVAILABLE
[GFX1-]: DCompositionSurface::BeginDraw failed: 0x887a0005 Rect(x=525312, y=524288, w=576, h=512)
[GFX1]: Device reset due to WR device: 0x887a0007
[GFX1-]: GFX: RenderThread detected a device reset in PostUpdate
[GFX1]: Device reset due to WR device: 0x887a0007
[GFX1-]: Receive IPC close with reason=AbnormalShutdown
[GFX1-]: Receive IPC close with reason=AbnormalShutdown
[Parent 39292, Main Thread] WARNING: base::KillProcess refusing to terminate process handle 0: file /builds/worker/checkouts/gecko/ipc/chromium/src/base/process_util_win.cc:405
[GFX1-]: Receive IPC close with reason=AbnormalShutdown
[GFX1-]: IPC Channel is already torn down unexpectedly

[GFX1-]: Receive IPC close with reason=AbnormalShutdown
[GFX1-]: Receive IPC close with reason=AbnormalShutdown
[GFX1-]: IPC Channel is already torn down unexpectedly

1657265609157	Marionette	INFO	Stopped listening on port 61571
console.warn: TopSitesFeed: Failed to fetch data from Contile server: NetworkError when attempting to fetch resource.
1657265956907	geckodriver	INFO	Listening on 127.0.0.1:57800
1657265959979	mozrunner::runner	INFO	Running command: "C:\\Program Files\\Mozilla Firefox\\firefox.exe" "--marionette" "--remote-debugging-port" "57801" "--remote-allow-hosts" "localhost" "-no-remote" "-profile" "C:\\Users\\pelay\\AppData\\Local\\Temp\\rust_mozprofileKlByV0"
1657265960452	Marionette	INFO	Marionette enabled
1657265960458	Marionette	INFO	Listening on port 57818
WebDriver BiDi listening on ws://localhost:57801
Read port: 57818
1657265960706	RemoteAgent	WARN	TLS certificate errors will be ignored for this session
console.warn: SearchSettings: "get: No settings file exists, new profile?" (new NotFoundError("Could not open the file at C:\\Users\\pelay\\AppData\\Local\\Temp\\rust_mozprofileKlByV0\\search.json.mozlz4", (void 0)))
DevTools listening on ws://localhost:57801/devtools/browser/a4a67712-6697-4487-8dbd-4b3015c49dc5
JavaScript error: https://connect.facebook.net/en_US/fbevents.js, line 27: TypeError: f.queue is undefined
1657265968287	Marionette	WARN	Ignoring event 'DOMContentLoaded' because document has an invalid readyState of 'complete'.
JavaScript error: https://eus.rubiconproject.com/usync.js, line 4: SecurityError: The operation is insecure.
JavaScript error: https://eus.rubiconproject.com/usync.js, line 4: SecurityError: The operation is insecure.
1657265988667	Marionette	INFO	Stopped listening on port 57818
console.warn: TopSitesFeed: Failed to fetch data from Contile server: NetworkError when attempting to fetch resource.
